<?xml version="1.0" encoding="UTF-8"?>
<robot generator="Robot 7.2 (Python 3.11.4 on win32)" generated="2025-06-09T21:02:38.068760" rpa="false" schemaversion="5">
<suite id="s1" name="Tests" source="D:\Projetos\Mobile\test\Tests.robot">
<test id="s1-t1" name="Register New User" line="6">
<kw name="Open App" owner="TED">
<kw name="Open Application" owner="AppiumLibrary">
<arg>remote_url=http://localhost:4723/wd/hub</arg>
<arg>automationName=UIAutomator2</arg>
<arg>platformName=android</arg>
<arg>deviceName=Google Pixel 7 Pro</arg>
<arg>app=D:\\Projetos\\Mobile\\resource\\utils${/}..${/}app${/}TED.apk</arg>
<doc>Opens a new application to given Appium server.
Capabilities of appium server, Android and iOS,
Please check https://appium.io/docs/en/2.1/cli/args/
| *Option*            | *Man.* | *Description*     |
| remote_url          | Yes    | Appium server url |
| alias               | no     | alias             |
| strict_ssl          | No     | allows you to send commands to an invalid certificate host like a self-signed one. |</doc>
<status status="PASS" start="2025-06-09T21:02:39.505256" elapsed="15.516890"/>
</kw>
<status status="PASS" start="2025-06-09T21:02:39.504215" elapsed="15.518748"/>
</kw>
<kw name="Allow Notifications" owner="TED">
<kw name="Wait Until Element Is Visible" owner="AppiumLibrary">
<msg time="2025-06-09T21:03:01.042912" level="INFO">xpath criteria: //android.widget.LinearLayout[@resource-id="com.android.permissioncontroller:id/content_container"]
xpath criteria: //android.widget.LinearLayout[@resource-id="com.android.permissioncontroller:id/content_container"]</msg>
<arg>${NotifAlert}</arg>
<doc>Waits until element specified with `locator` is visible.</doc>
<status status="PASS" start="2025-06-09T21:02:55.037707" elapsed="6.005205"/>
</kw>
<kw name="Click Element" owner="AppiumLibrary">
<msg time="2025-06-09T21:03:01.049506" level="INFO">Clicking element 'xpath=//android.widget.Button[@resource-id="com.android.permissioncontroller:id/permission_allow_button"]'.</msg>
<msg time="2025-06-09T21:03:01.483634" level="INFO">xpath criteria: //android.widget.Button[@resource-id="com.android.permissioncontroller:id/permission_allow_button"]</msg>
<arg>${AllowNotif}</arg>
<doc>Click element identified by `locator`.</doc>
<status status="PASS" start="2025-06-09T21:03:01.042912" elapsed="0.440722"/>
</kw>
<status status="PASS" start="2025-06-09T21:02:55.036710" elapsed="6.446924"/>
</kw>
<kw name="Click Sign up Button" owner="TED">
<kw name="Wait Until Element Is Visible" owner="AppiumLibrary">
<msg time="2025-06-09T21:03:05.388164" level="INFO">xpath criteria: //android.widget.TextView[@resource-id="Typography" and @text="Answer two quick questions to get started."]
xpath criteria: //android.widget.TextView[@resource-id="Typography" and @text="Answer two quick questions to get started."]
xpath criteria: //android.widget.TextView[@resource-id="Typography" and @text="Answer two quick questions to get started."]</msg>
<arg>${WelcomeText}</arg>
<doc>Waits until element specified with `locator` is visible.</doc>
<status status="PASS" start="2025-06-09T21:03:01.486638" elapsed="3.901526"/>
</kw>
<kw name="Click Element" owner="AppiumLibrary">
<msg time="2025-06-09T21:03:05.391484" level="INFO">Clicking element 'xpath=//android.widget.Button[@content-desc="Let's go!, Tap to get started, answering two quick questions and improving our services"]'.</msg>
<msg time="2025-06-09T21:03:05.661304" level="INFO">xpath criteria: //android.widget.Button[@content-desc="Let's go!, Tap to get started, answering two quick questions and improving our services"]</msg>
<arg>${SignupButton}</arg>
<doc>Click element identified by `locator`.</doc>
<status status="PASS" start="2025-06-09T21:03:05.388164" elapsed="0.274670"/>
</kw>
<kw name="Sleep" owner="BuiltIn">
<msg time="2025-06-09T21:03:20.663410" level="INFO">Slept 15 seconds.</msg>
<arg>15</arg>
<doc>Pauses the test executed for the given time.</doc>
<status status="PASS" start="2025-06-09T21:03:05.662834" elapsed="15.001151"/>
</kw>
<status status="PASS" start="2025-06-09T21:03:01.485644" elapsed="19.178341"/>
</kw>
<kw name="Select Interests" owner="TED">
<for flavor="IN">
<iter>
<kw name="Set Variable" owner="BuiltIn">
<msg time="2025-06-09T21:03:20.670875" level="INFO">${locator} = xpath=//android.view.ViewGroup[@resource-id="Topics_List"]//android.widget.Button[.//android.widget.TextView[@text="Design"]]</msg>
<var>${locator}</var>
<arg>${InterestsList}//android.widget.Button[.//android.widget.TextView[@text="${interest}"]]</arg>
<doc>Returns the given values which can then be assigned to a variables.</doc>
<status status="PASS" start="2025-06-09T21:03:20.669877" elapsed="0.001521"/>
</kw>
<kw name="Wait Until Element Is Visible" owner="AppiumLibrary">
<msg time="2025-06-09T21:03:21.113461" level="INFO">xpath criteria: //android.view.ViewGroup[@resource-id="Topics_List"]//android.widget.Button[.//android.widget.TextView[@text="Design"]]</msg>
<arg>${locator}</arg>
<arg>10s</arg>
<doc>Waits until element specified with `locator` is visible.</doc>
<status status="PASS" start="2025-06-09T21:03:20.671398" elapsed="0.442063"/>
</kw>
<kw name="Click Element" owner="AppiumLibrary">
<msg time="2025-06-09T21:03:21.116110" level="INFO">Clicking element 'xpath=//android.view.ViewGroup[@resource-id="Topics_List"]//android.widget.Button[.//android.widget.TextView[@text="Design"]]'.</msg>
<msg time="2025-06-09T21:03:21.483352" level="INFO">xpath criteria: //android.view.ViewGroup[@resource-id="Topics_List"]//android.widget.Button[.//android.widget.TextView[@text="Design"]]</msg>
<arg>${locator}</arg>
<doc>Click element identified by `locator`.</doc>
<status status="PASS" start="2025-06-09T21:03:21.113461" elapsed="0.369891"/>
</kw>
<var name="${interest}">Design</var>
<status status="PASS" start="2025-06-09T21:03:20.668377" elapsed="0.814975"/>
</iter>
<iter>
<kw name="Set Variable" owner="BuiltIn">
<msg time="2025-06-09T21:03:21.484355" level="INFO">${locator} = xpath=//android.view.ViewGroup[@resource-id="Topics_List"]//android.widget.Button[.//android.widget.TextView[@text="Science"]]</msg>
<var>${locator}</var>
<arg>${InterestsList}//android.widget.Button[.//android.widget.TextView[@text="${interest}"]]</arg>
<doc>Returns the given values which can then be assigned to a variables.</doc>
<status status="PASS" start="2025-06-09T21:03:21.484355" elapsed="0.000000"/>
</kw>
<kw name="Wait Until Element Is Visible" owner="AppiumLibrary">
<msg time="2025-06-09T21:03:22.164822" level="INFO">xpath criteria: //android.view.ViewGroup[@resource-id="Topics_List"]//android.widget.Button[.//android.widget.TextView[@text="Science"]]</msg>
<arg>${locator}</arg>
<arg>10s</arg>
<doc>Waits until element specified with `locator` is visible.</doc>
<status status="PASS" start="2025-06-09T21:03:21.484355" elapsed="0.680979"/>
</kw>
<kw name="Click Element" owner="AppiumLibrary">
<msg time="2025-06-09T21:03:22.170177" level="INFO">Clicking element 'xpath=//android.view.ViewGroup[@resource-id="Topics_List"]//android.widget.Button[.//android.widget.TextView[@text="Science"]]'.</msg>
<msg time="2025-06-09T21:03:22.696833" level="INFO">xpath criteria: //android.view.ViewGroup[@resource-id="Topics_List"]//android.widget.Button[.//android.widget.TextView[@text="Science"]]</msg>
<arg>${locator}</arg>
<doc>Click element identified by `locator`.</doc>
<status status="PASS" start="2025-06-09T21:03:22.165334" elapsed="0.531499"/>
</kw>
<var name="${interest}">Science</var>
<status status="PASS" start="2025-06-09T21:03:21.484355" elapsed="1.212478"/>
</iter>
<iter>
<kw name="Set Variable" owner="BuiltIn">
<msg time="2025-06-09T21:03:22.698468" level="INFO">${locator} = xpath=//android.view.ViewGroup[@resource-id="Topics_List"]//android.widget.Button[.//android.widget.TextView[@text="Technology"]]</msg>
<var>${locator}</var>
<arg>${InterestsList}//android.widget.Button[.//android.widget.TextView[@text="${interest}"]]</arg>
<doc>Returns the given values which can then be assigned to a variables.</doc>
<status status="PASS" start="2025-06-09T21:03:22.696833" elapsed="0.001635"/>
</kw>
<kw name="Wait Until Element Is Visible" owner="AppiumLibrary">
<msg time="2025-06-09T21:03:23.431006" level="INFO">xpath criteria: //android.view.ViewGroup[@resource-id="Topics_List"]//android.widget.Button[.//android.widget.TextView[@text="Technology"]]</msg>
<arg>${locator}</arg>
<arg>10s</arg>
<doc>Waits until element specified with `locator` is visible.</doc>
<status status="PASS" start="2025-06-09T21:03:22.698468" elapsed="0.733070"/>
</kw>
<kw name="Click Element" owner="AppiumLibrary">
<msg time="2025-06-09T21:03:23.444060" level="INFO">Clicking element 'xpath=//android.view.ViewGroup[@resource-id="Topics_List"]//android.widget.Button[.//android.widget.TextView[@text="Technology"]]'.</msg>
<msg time="2025-06-09T21:03:23.796433" level="INFO">xpath criteria: //android.view.ViewGroup[@resource-id="Topics_List"]//android.widget.Button[.//android.widget.TextView[@text="Technology"]]</msg>
<arg>${locator}</arg>
<doc>Click element identified by `locator`.</doc>
<status status="PASS" start="2025-06-09T21:03:23.432800" elapsed="0.363633"/>
</kw>
<var name="${interest}">Technology</var>
<status status="PASS" start="2025-06-09T21:03:22.696833" elapsed="1.099600"/>
</iter>
<var>${interest}</var>
<value>@{interests}</value>
<status status="PASS" start="2025-06-09T21:03:20.667368" elapsed="3.129065"/>
</for>
<arg>Design</arg>
<arg>Science</arg>
<arg>Technology</arg>
<status status="PASS" start="2025-06-09T21:03:20.665512" elapsed="3.130921"/>
</kw>
<kw name="Click On Next Button" owner="TED">
<kw name="Wait Until Element Is Visible" owner="AppiumLibrary">
<msg time="2025-06-09T21:03:24.542885" level="INFO">xpath criteria: //android.widget.Button[@resource-id="Next"]</msg>
<arg>${NextButton}</arg>
<doc>Waits until element specified with `locator` is visible.</doc>
<status status="PASS" start="2025-06-09T21:03:23.798434" elapsed="0.744451"/>
</kw>
<kw name="Click Element" owner="AppiumLibrary">
<msg time="2025-06-09T21:03:24.550649" level="INFO">Clicking element 'xpath=//android.widget.Button[@resource-id="Next"]'.</msg>
<msg time="2025-06-09T21:03:24.849383" level="INFO">xpath criteria: //android.widget.Button[@resource-id="Next"]</msg>
<arg>${NextButton}</arg>
<doc>Click element identified by `locator`.</doc>
<status status="PASS" start="2025-06-09T21:03:24.544421" elapsed="0.304962"/>
</kw>
<status status="PASS" start="2025-06-09T21:03:23.797438" elapsed="1.051945"/>
</kw>
<kw name="Select Motivators By Name" owner="TED">
<for flavor="IN">
<iter>
<kw name="Set Variable" owner="BuiltIn">
<msg time="2025-06-09T21:03:24.851427" level="INFO">${locator} = xpath=//android.view.ViewGroup[@resource-id="Motivators_List"]//android.widget.Button[.//android.widget.TextView[@text="A sense of hope"]]</msg>
<var>${locator}</var>
<arg>${MotivatorsList}//android.widget.Button[.//android.widget.TextView[@text="${motivator}"]]</arg>
<doc>Returns the given values which can then be assigned to a variables.</doc>
<status status="PASS" start="2025-06-09T21:03:24.851427" elapsed="0.000000"/>
</kw>
<kw name="Wait Until Element Is Visible" owner="AppiumLibrary">
<msg time="2025-06-09T21:03:26.452850" level="INFO">xpath criteria: //android.view.ViewGroup[@resource-id="Motivators_List"]//android.widget.Button[.//android.widget.TextView[@text="A sense of hope"]]
xpath criteria: //android.view.ViewGroup[@resource-id="Motivators_List"]//android.widget.Button[.//android.widget.TextView[@text="A sense of hope"]]</msg>
<arg>${locator}</arg>
<arg>10s</arg>
<doc>Waits until element specified with `locator` is visible.</doc>
<status status="PASS" start="2025-06-09T21:03:24.851427" elapsed="1.601423"/>
</kw>
<kw name="Click Element" owner="AppiumLibrary">
<msg time="2025-06-09T21:03:26.455288" level="INFO">Clicking element 'xpath=//android.view.ViewGroup[@resource-id="Motivators_List"]//android.widget.Button[.//android.widget.TextView[@text="A sense of hope"]]'.</msg>
<msg time="2025-06-09T21:03:26.682122" level="INFO">xpath criteria: //android.view.ViewGroup[@resource-id="Motivators_List"]//android.widget.Button[.//android.widget.TextView[@text="A sense of hope"]]</msg>
<arg>${locator}</arg>
<doc>Click element identified by `locator`.</doc>
<status status="PASS" start="2025-06-09T21:03:26.454238" elapsed="0.227884"/>
</kw>
<var name="${motivator}">A sense of hope</var>
<status status="PASS" start="2025-06-09T21:03:24.850906" elapsed="1.831216"/>
</iter>
<iter>
<kw name="Set Variable" owner="BuiltIn">
<msg time="2025-06-09T21:03:26.682968" level="INFO">${locator} = xpath=//android.view.ViewGroup[@resource-id="Motivators_List"]//android.widget.Button[.//android.widget.TextView[@text="Professional growth"]]</msg>
<var>${locator}</var>
<arg>${MotivatorsList}//android.widget.Button[.//android.widget.TextView[@text="${motivator}"]]</arg>
<doc>Returns the given values which can then be assigned to a variables.</doc>
<status status="PASS" start="2025-06-09T21:03:26.682636" elapsed="0.000332"/>
</kw>
<kw name="Wait Until Element Is Visible" owner="AppiumLibrary">
<msg time="2025-06-09T21:03:27.357696" level="INFO">xpath criteria: //android.view.ViewGroup[@resource-id="Motivators_List"]//android.widget.Button[.//android.widget.TextView[@text="Professional growth"]]</msg>
<arg>${locator}</arg>
<arg>10s</arg>
<doc>Waits until element specified with `locator` is visible.</doc>
<status status="PASS" start="2025-06-09T21:03:26.682968" elapsed="0.674728"/>
</kw>
<kw name="Click Element" owner="AppiumLibrary">
<msg time="2025-06-09T21:03:27.371610" level="INFO">Clicking element 'xpath=//android.view.ViewGroup[@resource-id="Motivators_List"]//android.widget.Button[.//android.widget.TextView[@text="Professional growth"]]'.</msg>
<msg time="2025-06-09T21:03:27.668828" level="INFO">xpath criteria: //android.view.ViewGroup[@resource-id="Motivators_List"]//android.widget.Button[.//android.widget.TextView[@text="Professional growth"]]</msg>
<arg>${locator}</arg>
<doc>Click element identified by `locator`.</doc>
<status status="PASS" start="2025-06-09T21:03:27.358710" elapsed="0.310118"/>
</kw>
<var name="${motivator}">Professional growth</var>
<status status="PASS" start="2025-06-09T21:03:26.682636" elapsed="0.986192"/>
</iter>
<var>${motivator}</var>
<value>@{motivators}</value>
<status status="PASS" start="2025-06-09T21:03:24.850906" elapsed="2.817922"/>
</for>
<arg>A sense of hope</arg>
<arg>Professional growth</arg>
<status status="PASS" start="2025-06-09T21:03:24.849383" elapsed="2.819445"/>
</kw>
<kw name="Click On Next Button" owner="TED">
<kw name="Wait Until Element Is Visible" owner="AppiumLibrary">
<msg time="2025-06-09T21:03:28.371597" level="INFO">xpath criteria: //android.widget.Button[@resource-id="Next"]</msg>
<arg>${NextButton}</arg>
<doc>Waits until element specified with `locator` is visible.</doc>
<status status="PASS" start="2025-06-09T21:03:27.669824" elapsed="0.701773"/>
</kw>
<kw name="Click Element" owner="AppiumLibrary">
<msg time="2025-06-09T21:03:28.387135" level="INFO">Clicking element 'xpath=//android.widget.Button[@resource-id="Next"]'.</msg>
<msg time="2025-06-09T21:03:28.632781" level="INFO">xpath criteria: //android.widget.Button[@resource-id="Next"]</msg>
<arg>${NextButton}</arg>
<doc>Click element identified by `locator`.</doc>
<status status="PASS" start="2025-06-09T21:03:28.372635" elapsed="0.260146"/>
</kw>
<status status="PASS" start="2025-06-09T21:03:27.668828" elapsed="0.964472"/>
</kw>
<kw name="Insert Email to Sign Up" owner="TED">
<kw name="Email" owner="FakerLibrary">
<msg time="2025-06-09T21:03:28.634825" level="INFO">${email} = rmoreno@example.org</msg>
<var>${email}</var>
<status status="PASS" start="2025-06-09T21:03:28.633300" elapsed="0.001525"/>
</kw>
<kw name="Wait Until Element Is Visible" owner="AppiumLibrary">
<msg time="2025-06-09T21:03:30.082913" level="INFO">xpath criteria: //android.widget.EditText[@resource-id="EmailInput&gt;Input"]
xpath criteria: //android.widget.EditText[@resource-id="EmailInput&gt;Input"]</msg>
<arg>${EmailSignUp}</arg>
<doc>Waits until element specified with `locator` is visible.</doc>
<status status="PASS" start="2025-06-09T21:03:28.634825" elapsed="1.448088"/>
</kw>
<kw name="Input Text" owner="AppiumLibrary">
<msg time="2025-06-09T21:03:30.085221" level="INFO">Typing text 'rmoreno@example.org' into text field 'xpath=//android.widget.EditText[@resource-id="EmailInput&gt;Input"]'</msg>
<msg time="2025-06-09T21:03:30.236728" level="INFO">xpath criteria: //android.widget.EditText[@resource-id="EmailInput&gt;Input"]</msg>
<arg>${EmailSignUp}</arg>
<arg>${email}</arg>
<doc>Types the given `text` into text field identified by `locator`.</doc>
<status status="PASS" start="2025-06-09T21:03:30.082913" elapsed="0.153815"/>
</kw>
<status status="PASS" start="2025-06-09T21:03:28.633300" elapsed="1.603428"/>
</kw>
<kw name="Click On Next Button" owner="TED">
<kw name="Wait Until Element Is Visible" owner="AppiumLibrary">
<msg time="2025-06-09T21:03:30.951218" level="INFO">xpath criteria: //android.widget.Button[@resource-id="Next"]</msg>
<arg>${NextButton}</arg>
<doc>Waits until element specified with `locator` is visible.</doc>
<status status="PASS" start="2025-06-09T21:03:30.238122" elapsed="0.713096"/>
</kw>
<kw name="Click Element" owner="AppiumLibrary">
<msg time="2025-06-09T21:03:30.953989" level="INFO">Clicking element 'xpath=//android.widget.Button[@resource-id="Next"]'.</msg>
<msg time="2025-06-09T21:03:31.162809" level="INFO">xpath criteria: //android.widget.Button[@resource-id="Next"]</msg>
<arg>${NextButton}</arg>
<doc>Click element identified by `locator`.</doc>
<status status="PASS" start="2025-06-09T21:03:30.951723" elapsed="0.211086"/>
</kw>
<status status="PASS" start="2025-06-09T21:03:30.236728" elapsed="0.926081"/>
</kw>
<kw name="Insert First and Last Name and Create a Password" owner="TED">
<kw name="First Name" owner="FakerLibrary">
<msg time="2025-06-09T21:03:31.165358" level="INFO">${FirstName} = Jose</msg>
<var>${FirstName}</var>
<status status="PASS" start="2025-06-09T21:03:31.163850" elapsed="0.001508"/>
</kw>
<kw name="Wait Until Element Is Visible" owner="AppiumLibrary">
<msg time="2025-06-09T21:03:33.600376" level="INFO">xpath criteria: //android.widget.EditText[@resource-id="FirstName&gt;Input"]
xpath criteria: //android.widget.EditText[@resource-id="FirstName&gt;Input"]
xpath criteria: //android.widget.EditText[@resource-id="FirstName&gt;Input"]
xpath criteria: //android.widget.EditText[@resource-id="FirstName&gt;Input"]</msg>
<arg>${FirstNameInpt}</arg>
<doc>Waits until element specified with `locator` is visible.</doc>
<status status="PASS" start="2025-06-09T21:03:31.165358" elapsed="2.436033"/>
</kw>
<kw name="Input Text" owner="AppiumLibrary">
<msg time="2025-06-09T21:03:33.615525" level="INFO">Typing text 'Jose' into text field 'xpath=//android.widget.EditText[@resource-id="FirstName&gt;Input"]'</msg>
<msg time="2025-06-09T21:03:33.889471" level="INFO">xpath criteria: //android.widget.EditText[@resource-id="FirstName&gt;Input"]</msg>
<arg>${FirstNameInpt}</arg>
<arg>${FirstName}</arg>
<doc>Types the given `text` into text field identified by `locator`.</doc>
<status status="PASS" start="2025-06-09T21:03:33.601391" elapsed="0.288080"/>
</kw>
<kw name="Last Name" owner="FakerLibrary">
<msg time="2025-06-09T21:03:33.890985" level="INFO">${LastName} = Griffin</msg>
<var>${LastName}</var>
<status status="PASS" start="2025-06-09T21:03:33.889471" elapsed="0.001514"/>
</kw>
<kw name="Wait Until Element Is Visible" owner="AppiumLibrary">
<msg time="2025-06-09T21:03:34.719571" level="INFO">xpath criteria: //android.widget.EditText[@resource-id="LastName&gt;Input"]</msg>
<arg>${LastNameInpt}</arg>
<doc>Waits until element specified with `locator` is visible.</doc>
<status status="PASS" start="2025-06-09T21:03:33.890985" elapsed="0.828586"/>
</kw>
<kw name="Input Text" owner="AppiumLibrary">
<msg time="2025-06-09T21:03:34.724069" level="INFO">Typing text 'Griffin' into text field 'xpath=//android.widget.EditText[@resource-id="LastName&gt;Input"]'</msg>
<msg time="2025-06-09T21:03:34.919999" level="INFO">xpath criteria: //android.widget.EditText[@resource-id="LastName&gt;Input"]</msg>
<arg>${LastNameInpt}</arg>
<arg>${LastName}</arg>
<doc>Types the given `text` into text field identified by `locator`.</doc>
<status status="PASS" start="2025-06-09T21:03:34.720568" elapsed="0.199431"/>
</kw>
<kw name="Password" owner="FakerLibrary">
<msg time="2025-06-09T21:03:34.921513" level="INFO">${FirstPassword} = u5GzGHxu$K</msg>
<var>${FirstPassword}</var>
<doc>Generate a random password of the specified ``length``.</doc>
<status status="PASS" start="2025-06-09T21:03:34.919999" elapsed="0.001514"/>
</kw>
<kw name="Wait Until Element Is Visible" owner="AppiumLibrary">
<msg time="2025-06-09T21:03:35.745547" level="INFO">xpath criteria: //android.widget.EditText[@resource-id="Password&gt;Input"]</msg>
<arg>${FirstPasswordInpt}</arg>
<doc>Waits until element specified with `locator` is visible.</doc>
<status status="PASS" start="2025-06-09T21:03:34.921513" elapsed="0.824034"/>
</kw>
<kw name="Input Text" owner="AppiumLibrary">
<msg time="2025-06-09T21:03:35.749999" level="INFO">Typing text 'u5GzGHxu$K' into text field 'xpath=//android.widget.EditText[@resource-id="Password&gt;Input"]'</msg>
<msg time="2025-06-09T21:03:35.941736" level="INFO">xpath criteria: //android.widget.EditText[@resource-id="Password&gt;Input"]</msg>
<arg>${FirstPasswordInpt}</arg>
<arg>${FirstPassword}</arg>
<doc>Types the given `text` into text field identified by `locator`.</doc>
<status status="PASS" start="2025-06-09T21:03:35.745547" elapsed="0.196189"/>
</kw>
<status status="PASS" start="2025-06-09T21:03:31.163850" elapsed="4.777886"/>
</kw>
<kw name="Click On Next Button" owner="TED">
<kw name="Wait Until Element Is Visible" owner="AppiumLibrary">
<msg time="2025-06-09T21:03:36.733818" level="INFO">xpath criteria: //android.widget.Button[@resource-id="Next"]</msg>
<arg>${NextButton}</arg>
<doc>Waits until element specified with `locator` is visible.</doc>
<status status="PASS" start="2025-06-09T21:03:35.943245" elapsed="0.790573"/>
</kw>
<kw name="Click Element" owner="AppiumLibrary">
<msg time="2025-06-09T21:03:36.737377" level="INFO">Clicking element 'xpath=//android.widget.Button[@resource-id="Next"]'.</msg>
<msg time="2025-06-09T21:03:36.976421" level="INFO">xpath criteria: //android.widget.Button[@resource-id="Next"]</msg>
<arg>${NextButton}</arg>
<doc>Click element identified by `locator`.</doc>
<status status="PASS" start="2025-06-09T21:03:36.733818" elapsed="0.242603"/>
</kw>
<status status="PASS" start="2025-06-09T21:03:35.943245" elapsed="1.033176"/>
</kw>
<tag>newuser</tag>
<tag>regressao</tag>
<status status="PASS" start="2025-06-09T21:02:39.503211" elapsed="57.474261"/>
</test>
<status status="PASS" start="2025-06-09T21:02:38.071427" elapsed="58.906045"/>
</suite>
<statistics>
<total>
<stat pass="1" fail="0" skip="0">All Tests</stat>
</total>
<tag>
<stat pass="1" fail="0" skip="0">newuser</stat>
<stat pass="1" fail="0" skip="0">regressao</stat>
</tag>
<suite>
<stat name="Tests" id="s1" pass="1" fail="0" skip="0">Tests</stat>
</suite>
</statistics>
<errors>
</errors>
</robot>
